<?xml version="1.0" encoding="UTF-8"?>
<!-- Generated by org.testng.reporters.JUnitReportReporter -->
<testsuite hostname="Amr" failures="0" tests="1" name="facebook.testingFacebook" time="0.016" errors="0" timestamp="26 Mar 2021 00:44:25 GMT" skipped="0">
  <testcase classname="facebook.testingFacebook" name="f" time="0.016"/>
</testsuite> <!-- facebook.testingFacebook -->
